{"id":"a602583a-81b8-4137-8cac-567b39b08724","op":{"SaveThread":{"id":"lounge","project_id":"system","title":"Lounge (#nogari)","status":"Working","author":"SYSTEM","milestone_id":null,"task_kind":null,"rejection_count":0,"created_at":"2026-05-14T13:22:39.911972165+09:00","updated_at":"2026-05-14T13:22:39.911972258+09:00"}},"retries":0,"timestamp":1778732559}
{"id":"5cfa6d7c-45d5-48eb-80f2-01570196e984","op":{"SaveThread":{"id":"lounge","project_id":"system","title":"Lounge (#nogari)","status":"Working","author":"SYSTEM","milestone_id":null,"task_kind":null,"rejection_count":0,"created_at":"2026-05-14T13:22:39.912092216+09:00","updated_at":"2026-05-14T13:22:39.912092304+09:00"}},"retries":0,"timestamp":1778732559}
{"id":"7d275c2d-60e3-4f5e-8967-b88ba8e753d2","op":{"Ack":"a602583a-81b8-4137-8cac-567b39b08724"},"retries":0,"timestamp":1778732560}
{"id":"ba968ac8-1e36-4c3c-95ca-d4e79bd4d85f","op":{"Ack":"5cfa6d7c-45d5-48eb-80f2-01570196e984"},"retries":0,"timestamp":1778732560}
{"id":"deb82c95-3e3e-4568-9a09-7bdc4858b6c6","op":{"SaveThread":{"id":"lounge","project_id":"system","title":"Lounge (#nogari)","status":"Working","author":"SYSTEM","milestone_id":null,"task_kind":null,"rejection_count":0,"created_at":"2026-05-14T13:23:03.096104355+09:00","updated_at":"2026-05-14T13:23:03.096104743+09:00"}},"retries":0,"timestamp":1778732583}
{"id":"683d9011-dd08-4e84-9cb4-5283bb265014","op":{"SaveThread":{"id":"lounge","project_id":"system","title":"Lounge (#nogari)","status":"Working","author":"SYSTEM","milestone_id":null,"task_kind":null,"rejection_count":0,"created_at":"2026-05-14T13:23:03.096461770+09:00","updated_at":"2026-05-14T13:23:03.096489810+09:00"}},"retries":0,"timestamp":1778732583}
{"id":"33d7e97e-7a1f-41af-8105-963b77e4d5d9","op":{"Ack":"deb82c95-3e3e-4568-9a09-7bdc4858b6c6"},"retries":0,"timestamp":1778732583}
{"id":"1fe5586b-7c9f-4981-8856-b24beb8d58da","op":{"Ack":"683d9011-dd08-4e84-9cb4-5283bb265014"},"retries":0,"timestamp":1778732583}
{"id":"621235af-9ca6-4fb1-8c48-6178cf1ee3e2","op":{"SaveThread":{"id":"lounge","project_id":"system","title":"Lounge (#nogari)","status":"Working","author":"SYSTEM","milestone_id":null,"task_kind":null,"rejection_count":0,"created_at":"2026-05-15T18:01:29.981927342+09:00","updated_at":"2026-05-15T18:01:29.981927414+09:00"}},"retries":0,"timestamp":1778835689}
{"id":"916604ed-b71e-4410-8f18-e4cf4aed2412","op":{"SaveThread":{"id":"lounge","project_id":"system","title":"Lounge (#nogari)","status":"Working","author":"SYSTEM","milestone_id":null,"task_kind":null,"rejection_count":0,"created_at":"2026-05-15T18:01:29.981939590+09:00","updated_at":"2026-05-15T18:01:29.981951027+09:00"}},"retries":0,"timestamp":1778835689}
{"id":"f3fe2a36-9299-421c-a214-875cc9ae1500","op":{"Ack":"621235af-9ca6-4fb1-8c48-6178cf1ee3e2"},"retries":0,"timestamp":1778835690}
{"id":"1942c2e5-8f5e-4309-87aa-0ee515720774","op":{"Ack":"916604ed-b71e-4410-8f18-e4cf4aed2412"},"retries":0,"timestamp":1778835690}
{"id":"58fb5cbf-8f62-4398-bdec-5fd438826c51","op":{"SaveThread":{"id":"lounge","project_id":"system","title":"Lounge (#nogari)","status":"Working","author":"SYSTEM","milestone_id":null,"task_kind":null,"rejection_count":0,"created_at":"2026-05-15T18:02:11.550102280+09:00","updated_at":"2026-05-15T18:02:11.550102345+09:00"}},"retries":0,"timestamp":1778835731}
{"id":"afdf82ca-9845-4b33-ad62-897a568398a0","op":{"SaveThread":{"id":"lounge","project_id":"system","title":"Lounge (#nogari)","status":"Working","author":"SYSTEM","milestone_id":null,"task_kind":null,"rejection_count":0,"created_at":"2026-05-15T18:02:11.550317560+09:00","updated_at":"2026-05-15T18:02:11.550339471+09:00"}},"retries":0,"timestamp":1778835731}
{"id":"69f5b578-482a-40cf-a793-a97d94e86391","op":{"Ack":"58fb5cbf-8f62-4398-bdec-5fd438826c51"},"retries":0,"timestamp":1778835731}
{"id":"aa656e82-67ba-4818-be75-8b98b4686e7d","op":{"Ack":"afdf82ca-9845-4b33-ad62-897a568398a0"},"retries":0,"timestamp":1778835731}
{"id":"150f952a-071d-4315-8259-b48852fcd19c","op":{"SaveThread":{"id":"lounge","project_id":"system","title":"Lounge (#nogari)","status":"Working","author":"SYSTEM","milestone_id":null,"task_kind":null,"rejection_count":0,"created_at":"2026-05-15T18:05:01.132747326+09:00","updated_at":"2026-05-15T18:05:01.132747391+09:00"}},"retries":0,"timestamp":1778835901}
{"id":"730e6246-b7c7-4a5d-9508-f156c4512e48","op":{"SaveThread":{"id":"lounge","project_id":"system","title":"Lounge (#nogari)","status":"Working","author":"SYSTEM","milestone_id":null,"task_kind":null,"rejection_count":0,"created_at":"2026-05-15T18:05:01.132931079+09:00","updated_at":"2026-05-15T18:05:01.132938363+09:00"}},"retries":0,"timestamp":1778835901}
{"id":"d0a33b1f-e075-4c6b-ba33-a4b16490d1a2","op":{"Ack":"150f952a-071d-4315-8259-b48852fcd19c"},"retries":0,"timestamp":1778835901}
{"id":"a6fd9f36-cd0f-4e22-b4ae-eb29a3c59ef7","op":{"Ack":"730e6246-b7c7-4a5d-9508-f156c4512e48"},"retries":0,"timestamp":1778835901}
{"id":"f3251f73-1526-45a9-8f11-3fe9b88d0f61","op":{"SaveThread":{"id":"lounge","project_id":"system","title":"Lounge (#nogari)","status":"Working","author":"SYSTEM","milestone_id":null,"task_kind":null,"rejection_count":0,"created_at":"2026-05-15T18:06:55.964415796+09:00","updated_at":"2026-05-15T18:06:55.964415880+09:00"}},"retries":0,"timestamp":1778836015}
{"id":"8a9d2d00-2a3f-4225-a36b-6db061b598a3","op":{"SaveThread":{"id":"lounge","project_id":"system","title":"Lounge (#nogari)","status":"Working","author":"SYSTEM","milestone_id":null,"task_kind":null,"rejection_count":0,"created_at":"2026-05-15T18:06:55.964513184+09:00","updated_at":"2026-05-15T18:06:55.964533031+09:00"}},"retries":0,"timestamp":1778836015}
{"id":"8854d6b2-56d2-4694-bb58-a4efc4bdf2ca","op":{"Ack":"f3251f73-1526-45a9-8f11-3fe9b88d0f61"},"retries":0,"timestamp":1778836016}
{"id":"b6d7e189-1424-4cb5-a1ca-4472d8f53cef","op":{"Ack":"8a9d2d00-2a3f-4225-a36b-6db061b598a3"},"retries":0,"timestamp":1778836016}
{"id":"fb387ee7-9db5-4c7f-86ab-6411517fe8b7","op":{"SaveThread":{"id":"lounge","project_id":"system","title":"Lounge (#nogari)","status":"Working","author":"SYSTEM","milestone_id":null,"task_kind":null,"rejection_count":0,"created_at":"2026-05-15T18:10:18.291394552+09:00","updated_at":"2026-05-15T18:10:18.291394989+09:00"}},"retries":0,"timestamp":1778836218}
{"id":"bc98cc5c-2a41-4565-bfc1-f79f8594ecb8","op":{"SaveThread":{"id":"lounge","project_id":"system","title":"Lounge (#nogari)","status":"Working","author":"SYSTEM","milestone_id":null,"task_kind":null,"rejection_count":0,"created_at":"2026-05-15T18:10:18.291578740+09:00","updated_at":"2026-05-15T18:10:18.291596128+09:00"}},"retries":0,"timestamp":1778836218}
{"id":"b2faf3ee-522b-4438-b4db-d892887160a1","op":{"Ack":"fb387ee7-9db5-4c7f-86ab-6411517fe8b7"},"retries":0,"timestamp":1778836218}
{"id":"1b8fb017-a16d-40ef-a37f-87c1cffb3fab","op":{"Ack":"bc98cc5c-2a41-4565-bfc1-f79f8594ecb8"},"retries":0,"timestamp":1778836218}
{"id":"25e532d4-c45f-4847-b7db-67e619fe7f7b","op":{"SaveThread":{"id":"lounge","project_id":"system","title":"Lounge (#nogari)","status":"Working","author":"SYSTEM","milestone_id":null,"task_kind":null,"rejection_count":0,"created_at":"2026-05-15T18:12:24.536100891+09:00","updated_at":"2026-05-15T18:12:24.536101031+09:00"}},"retries":0,"timestamp":1778836344}
{"id":"af49153b-57cb-4fd2-8dbc-93a40ffc87c9","op":{"SaveThread":{"id":"lounge","project_id":"system","title":"Lounge (#nogari)","status":"Working","author":"SYSTEM","milestone_id":null,"task_kind":null,"rejection_count":0,"created_at":"2026-05-15T18:12:24.536238074+09:00","updated_at":"2026-05-15T18:12:24.536248660+09:00"}},"retries":0,"timestamp":1778836344}
{"id":"ff472ad4-c37f-4468-97bb-f81e50fda8aa","op":{"Ack":"25e532d4-c45f-4847-b7db-67e619fe7f7b"},"retries":0,"timestamp":1778836344}
{"id":"f3299122-a1e7-4d8d-bd2d-aab0090c1130","op":{"Ack":"af49153b-57cb-4fd2-8dbc-93a40ffc87c9"},"retries":0,"timestamp":1778836344}
{"id":"e7cdcca5-3fad-4a32-94f6-c19662c6d453","op":{"SaveThread":{"id":"lounge","project_id":"system","title":"Lounge (#nogari)","status":"Working","author":"SYSTEM","milestone_id":null,"task_kind":null,"rejection_count":0,"created_at":"2026-05-15T18:13:39.057669008+09:00","updated_at":"2026-05-15T18:13:39.057669367+09:00"}},"retries":0,"timestamp":1778836419}
{"id":"4a26e2c5-be6d-4dd2-9507-53ff0561f874","op":{"SaveThread":{"id":"lounge","project_id":"system","title":"Lounge (#nogari)","status":"Working","author":"SYSTEM","milestone_id":null,"task_kind":null,"rejection_count":0,"created_at":"2026-05-15T18:13:39.057799240+09:00","updated_at":"2026-05-15T18:13:39.057813485+09:00"}},"retries":0,"timestamp":1778836419}
{"id":"916c7e88-30d9-41bf-9984-9b43e5d9d35e","op":{"Ack":"e7cdcca5-3fad-4a32-94f6-c19662c6d453"},"retries":0,"timestamp":1778836419}
{"id":"33a465ca-ebf2-4fad-b395-a9e1f7f9c4d0","op":{"Ack":"4a26e2c5-be6d-4dd2-9507-53ff0561f874"},"retries":0,"timestamp":1778836419}
{"id":"3d18974e-5f20-4bcd-a384-c20e8fb697dd","op":{"SaveThread":{"id":"lounge","project_id":"system","title":"Lounge (#nogari)","status":"Working","author":"SYSTEM","milestone_id":null,"task_kind":null,"rejection_count":0,"created_at":"2026-05-15T18:17:34.662779288+09:00","updated_at":"2026-05-15T18:17:34.662779423+09:00"}},"retries":0,"timestamp":1778836654}
{"id":"9f90688b-42fc-49a9-b02d-3397f913d8a3","op":{"SaveThread":{"id":"lounge","project_id":"system","title":"Lounge (#nogari)","status":"Working","author":"SYSTEM","milestone_id":null,"task_kind":null,"rejection_count":0,"created_at":"2026-05-15T18:17:34.662983314+09:00","updated_at":"2026-05-15T18:17:34.662991822+09:00"}},"retries":0,"timestamp":1778836654}
{"id":"3a3afd3a-9918-4015-be7d-bb94076f5f9a","op":{"Ack":"3d18974e-5f20-4bcd-a384-c20e8fb697dd"},"retries":0,"timestamp":1778836654}
{"id":"479852d2-0a18-4cfc-96b8-675ad2b7a11f","op":{"Ack":"9f90688b-42fc-49a9-b02d-3397f913d8a3"},"retries":0,"timestamp":1778836654}
{"id":"b42814ea-aadb-417d-9d39-41c802854e83","op":{"SaveThread":{"id":"lounge","project_id":"system","title":"Lounge (#nogari)","status":"Working","author":"SYSTEM","milestone_id":null,"task_kind":null,"rejection_count":0,"created_at":"2026-05-15T18:22:14.835534347+09:00","updated_at":"2026-05-15T18:22:14.835534430+09:00"}},"retries":0,"timestamp":1778836934}
{"id":"f1518e11-b23e-4081-a7e0-4e4003082bee","op":{"SaveThread":{"id":"lounge","project_id":"system","title":"Lounge (#nogari)","status":"Working","author":"SYSTEM","milestone_id":null,"task_kind":null,"rejection_count":0,"created_at":"2026-05-15T18:22:14.835643260+09:00","updated_at":"2026-05-15T18:22:14.835653245+09:00"}},"retries":0,"timestamp":1778836934}
{"id":"33e86beb-5841-431f-8705-aaed22d8f467","op":{"Ack":"b42814ea-aadb-417d-9d39-41c802854e83"},"retries":0,"timestamp":1778836934}
{"id":"fa892718-1f1f-47e2-82ab-dfa599943d77","op":{"Ack":"f1518e11-b23e-4081-a7e0-4e4003082bee"},"retries":0,"timestamp":1778836934}
{"id":"cf05718f-1386-4510-a721-7c5e0f968d7b","op":{"SaveThread":{"id":"lounge","project_id":"system","title":"Lounge (#nogari)","status":"Working","author":"SYSTEM","milestone_id":null,"task_kind":null,"rejection_count":0,"created_at":"2026-05-16T15:37:40.711441268+09:00","updated_at":"2026-05-16T15:37:40.711456434+09:00"}},"retries":0,"timestamp":1778913460}
{"id":"52e6fe7a-22e2-4952-8dd2-b89dee4e0e51","op":{"Ack":"cf05718f-1386-4510-a721-7c5e0f968d7b"},"retries":0,"timestamp":1778913460}
{"id":"c86a07b1-9713-48fa-96ca-b40ca77f2367","op":{"SaveThread":{"id":"lounge","project_id":"system","title":"Lounge (#nogari)","status":"Working","author":"SYSTEM","milestone_id":null,"task_kind":null,"rejection_count":0,"created_at":"2026-05-16T15:39:25.245287071+09:00","updated_at":"2026-05-16T15:39:25.245300952+09:00"}},"retries":0,"timestamp":1778913565}
{"id":"73954ac5-3e50-47a1-9d7d-a64fe18ca7a2","op":{"Ack":"c86a07b1-9713-48fa-96ca-b40ca77f2367"},"retries":0,"timestamp":1778913565}
{"id":"c3d37f5a-a22c-44ca-99c8-2c1967882f0d","op":{"SaveThread":{"id":"lounge","project_id":"system","title":"Lounge (#nogari)","status":"Working","author":"SYSTEM","milestone_id":null,"task_kind":null,"rejection_count":0,"created_at":"2026-05-16T15:45:26.322891646+09:00","updated_at":"2026-05-16T15:45:26.322903068+09:00"}},"retries":0,"timestamp":1778913926}
{"id":"b04d47b3-8349-496e-844b-f95fb5310910","op":{"Ack":"c3d37f5a-a22c-44ca-99c8-2c1967882f0d"},"retries":0,"timestamp":1778913926}
{"id":"20ee6b3a-6aa3-4c67-a51d-43a947376104","op":{"SaveThread":{"id":"lounge","project_id":"system","title":"Lounge (#nogari)","status":"Working","author":"SYSTEM","milestone_id":null,"task_kind":null,"rejection_count":0,"created_at":"2026-05-16T16:01:00.613066185+09:00","updated_at":"2026-05-16T16:01:00.613073804+09:00"}},"retries":0,"timestamp":1778914860}
{"id":"b6fd10b6-55ba-4f97-8cf9-e2fa05417672","op":{"Ack":"20ee6b3a-6aa3-4c67-a51d-43a947376104"},"retries":0,"timestamp":1778914860}
{"id":"a648c2ce-0f62-49b9-87c4-3e46c1d25bc8","op":{"SaveThread":{"id":"lounge","project_id":"system","title":"Lounge (#nogari)","status":"Working","author":"SYSTEM","milestone_id":null,"task_kind":null,"rejection_count":0,"created_at":"2026-05-16T16:04:37.869317433+09:00","updated_at":"2026-05-16T16:04:37.869317535+09:00"}},"retries":0,"timestamp":1778915077}
{"id":"4e6ae2bc-af8e-4e7e-ad51-393a0efe8290","op":{"Ack":"a648c2ce-0f62-49b9-87c4-3e46c1d25bc8"},"retries":0,"timestamp":1778915077}
{"id":"a4e93d57-ac4c-4cd1-98b2-84d69aedf3bb","op":{"SaveThread":{"id":"lounge","project_id":"system","title":"Lounge (#nogari)","status":"Working","author":"SYSTEM","milestone_id":null,"task_kind":null,"rejection_count":0,"created_at":"2026-05-16T16:06:27.256378936+09:00","updated_at":"2026-05-16T16:06:27.256388971+09:00"}},"retries":0,"timestamp":1778915187}
{"id":"49717491-0f6f-4c49-9caf-aecf3b0d46d1","op":{"Ack":"a4e93d57-ac4c-4cd1-98b2-84d69aedf3bb"},"retries":0,"timestamp":1778915187}
{"id":"1fdc457c-930f-4f80-8cb6-ea2d9e3c2787","op":{"SaveThread":{"id":"lounge","project_id":"system","title":"Lounge (#nogari)","status":"Working","author":"SYSTEM","milestone_id":null,"task_kind":null,"rejection_count":0,"created_at":"2026-05-16T16:10:12.553327997+09:00","updated_at":"2026-05-16T16:10:12.553345127+09:00"}},"retries":0,"timestamp":1778915412}
{"id":"16298c3e-89dc-4d88-9f1b-6788b4e853c2","op":{"Ack":"1fdc457c-930f-4f80-8cb6-ea2d9e3c2787"},"retries":0,"timestamp":1778915412}
{"id":"d9ae1a73-9a1e-4004-bfcc-87f68a151406","op":{"SaveThread":{"id":"lounge","project_id":"system","title":"Lounge (#nogari)","status":"Working","author":"SYSTEM","milestone_id":null,"task_kind":null,"rejection_count":0,"created_at":"2026-05-16T16:14:37.174839856+09:00","updated_at":"2026-05-16T16:14:37.174850093+09:00"}},"retries":0,"timestamp":1778915677}
{"id":"93433d07-7913-47d8-bb9c-32cfbeda939d","op":{"Ack":"d9ae1a73-9a1e-4004-bfcc-87f68a151406"},"retries":0,"timestamp":1778915677}
{"id":"28206e7f-5586-4723-9700-bac697cbffff","op":{"SaveThread":{"id":"lounge","project_id":"system","title":"Lounge (#nogari)","status":"Working","author":"SYSTEM","milestone_id":null,"task_kind":null,"rejection_count":0,"created_at":"2026-05-16T16:17:38.264891461+09:00","updated_at":"2026-05-16T16:17:38.264900346+09:00"}},"retries":0,"timestamp":1778915858}
{"id":"49be7394-bc16-4c44-92c9-c2b92171a70c","op":{"Ack":"28206e7f-5586-4723-9700-bac697cbffff"},"retries":0,"timestamp":1778915858}
{"id":"9652a321-5e88-462c-8bc9-192eb9a4466e","op":{"SaveThread":{"id":"lounge","project_id":"system","title":"Lounge (#nogari)","status":"Working","author":"SYSTEM","milestone_id":null,"task_kind":null,"rejection_count":0,"created_at":"2026-05-16T16:50:10.377487833+09:00","updated_at":"2026-05-16T16:50:10.377498267+09:00"}},"retries":0,"timestamp":1778917810}
{"id":"6722ba7d-21d9-40b6-9c04-5054ec1c787b","op":{"Ack":"9652a321-5e88-462c-8bc9-192eb9a4466e"},"retries":0,"timestamp":1778917810}
{"id":"283635ae-3efa-4854-80cd-64eae93cb5eb","op":{"SaveThread":{"id":"lounge","project_id":"system","title":"Lounge (#nogari)","status":"Working","author":"SYSTEM","milestone_id":null,"task_kind":null,"rejection_count":0,"created_at":"2026-05-16T16:53:47.933954901+09:00","updated_at":"2026-05-16T16:53:47.933975555+09:00"}},"retries":0,"timestamp":1778918027}
{"id":"0e25cc1b-8b2e-47f6-b902-e7ab389c24c4","op":{"Ack":"283635ae-3efa-4854-80cd-64eae93cb5eb"},"retries":0,"timestamp":1778918028}
{"id":"9302cad9-5196-4321-b047-21eb36e313ca","op":{"SaveThread":{"id":"lounge","project_id":"system","title":"Lounge (#nogari)","status":"Working","author":"SYSTEM","milestone_id":null,"task_kind":null,"rejection_count":0,"created_at":"2026-05-16T16:55:46.661931669+09:00","updated_at":"2026-05-16T16:55:46.661949563+09:00"}},"retries":0,"timestamp":1778918146}
{"id":"0c4f9091-cfb4-401e-8c00-dd2c0a00a872","op":{"Ack":"9302cad9-5196-4321-b047-21eb36e313ca"},"retries":0,"timestamp":1778918146}
{"id":"19dc3735-deef-44dd-8d80-9fe5d6a484dc","op":{"SaveThread":{"id":"lounge","project_id":"system","title":"Lounge (#nogari)","status":"Working","author":"SYSTEM","milestone_id":null,"task_kind":null,"rejection_count":0,"created_at":"2026-05-16T16:58:22.969541425+09:00","updated_at":"2026-05-16T16:58:22.969609889+09:00"}},"retries":0,"timestamp":1778918302}
{"id":"64c98160-d315-4eaf-bae0-49f10d0bf125","op":{"Ack":"19dc3735-deef-44dd-8d80-9fe5d6a484dc"},"retries":0,"timestamp":1778918303}
{"id":"3a193722-d371-4fd9-bac0-7a62ebfc8ea9","op":{"SaveThread":{"id":"lounge","project_id":"system","title":"Lounge (#nogari)","status":"Working","author":"SYSTEM","milestone_id":null,"task_kind":null,"rejection_count":0,"created_at":"2026-05-16T17:03:00.324852842+09:00","updated_at":"2026-05-16T17:03:00.324869319+09:00"}},"retries":0,"timestamp":1778918580}
{"id":"6f1dc861-0488-4040-9092-a75f4c42146c","op":{"Ack":"3a193722-d371-4fd9-bac0-7a62ebfc8ea9"},"retries":0,"timestamp":1778918580}
{"id":"8a66ae0c-8e32-4ef7-928f-4bc6ddf8b625","op":{"SaveThread":{"id":"lounge","project_id":"system","title":"Lounge (#nogari)","status":"Working","author":"SYSTEM","milestone_id":null,"task_kind":null,"rejection_count":0,"created_at":"2026-05-16T17:04:09.333486205+09:00","updated_at":"2026-05-16T17:04:09.333514775+09:00"}},"retries":0,"timestamp":1778918649}
{"id":"d757a51d-3cad-442a-91cf-51f7b180f9ea","op":{"Ack":"8a66ae0c-8e32-4ef7-928f-4bc6ddf8b625"},"retries":0,"timestamp":1778918649}
{"id":"c7adecfe-3ceb-4aa1-b2f5-54564def184d","op":{"SaveThread":{"id":"lounge","project_id":"system","title":"Lounge (#nogari)","status":"Working","author":"SYSTEM","milestone_id":null,"task_kind":null,"rejection_count":0,"created_at":"2026-05-16T19:18:55.372012540+09:00","updated_at":"2026-05-16T19:18:55.372029623+09:00"}},"retries":0,"timestamp":1778926735}
{"id":"a5b274ec-7df1-4295-9b15-7fe80aff172c","op":{"Ack":"c7adecfe-3ceb-4aa1-b2f5-54564def184d"},"retries":0,"timestamp":1778926735}
{"id":"72a1c1a8-722a-4f2a-b677-41589ddc5414","op":{"SaveThread":{"id":"lounge","project_id":"system","title":"Lounge (#nogari)","status":"Working","author":"SYSTEM","milestone_id":null,"task_kind":null,"rejection_count":0,"created_at":"2026-05-16T19:27:58.885288353+09:00","updated_at":"2026-05-16T19:27:58.885308551+09:00"}},"retries":0,"timestamp":1778927278}
{"id":"a7ce1274-bb37-401c-b6e8-368c129d742b","op":{"Ack":"72a1c1a8-722a-4f2a-b677-41589ddc5414"},"retries":0,"timestamp":1778927278}
{"id":"301b1719-58d7-4b57-b468-f6d0a7205211","op":{"SaveThread":{"id":"lounge","project_id":"system","title":"Lounge (#nogari)","status":"Working","author":"SYSTEM","milestone_id":null,"task_kind":null,"rejection_count":0,"created_at":"2026-05-16T20:04:25.518997997+09:00","updated_at":"2026-05-16T20:04:25.519012579+09:00"}},"retries":0,"timestamp":1778929465}
{"id":"a94a3e74-34aa-4640-8dd2-a5f438925204","op":{"Ack":"301b1719-58d7-4b57-b468-f6d0a7205211"},"retries":0,"timestamp":1778929465}
